\BOOKMARK [0][-]{section*.1}{\376\377\000D\000e\000c\000l\000a\000r\000a\000t\000i\000o\000n\000\040\000o\000f\000\040\000A\000u\000t\000h\000o\000r\000s\000h\000i\000p}{}% 1
\BOOKMARK [0][-]{section*.2}{\376\377\000A\000b\000s\000t\000r\000a\000c\000t}{}% 2
\BOOKMARK [0][-]{section*.3}{\376\377\000A\000c\000k\000n\000o\000w\000l\000e\000d\000g\000e\000m\000e\000n\000t\000s}{}% 3
\BOOKMARK [0][-]{chapter.14}{\376\377\000P\000l\000a\000c\000e\000m\000e\000n\000t}{}% 4
\BOOKMARK [1][-]{section.15}{\376\377\000I\000n\000t\000r\000o\000d\000u\000c\000t\000i\000o\000n}{chapter.14}% 5
\BOOKMARK [1][-]{section.16}{\376\377\000\311\000t\000a\000t\000\040\000d\000e\000\040\000l\000'\000a\000r\000t\000\040\000d\000e\000s\000\040\000a\000l\000g\000o\000r\000i\000t\000h\000m\000e\000s\000\040\000d\000e\000\040\000p\000l\000a\000c\000e\000m\000e\000n\000t}{chapter.14}% 6
\BOOKMARK [2][-]{subsection.17}{\376\377\000L\000e\000s\000\040\000r\000e\000p\000r\000\351\000s\000e\000n\000t\000a\000t\000i\000o\000n\000s\000\040\000t\000o\000p\000o\000l\000o\000g\000i\000q\000u\000e\000s\000\040\000d\000e\000\040\000p\000l\000a\000n\000\040\000d\000e\000\040\000m\000a\000s\000s\000e}{section.16}% 7
\BOOKMARK [3][-]{section*.18}{\376\377\000L\000e\000s\000\040\000s\000l\000i\000c\000i\000n\000g\000\040\000m\000o\000d\000e\000l\000s}{subsection.17}% 8
\BOOKMARK [3][-]{section*.21}{\376\377\000L\000e\000s\000\040\000s\000e\000q\000u\000e\000n\000c\000e\000\040\000p\000a\000i\000r}{subsection.17}% 9
\BOOKMARK [3][-]{section*.25}{\376\377\000L\000e\000s\000\040\000O\000-\000t\000r\000e\000e\000s}{subsection.17}% 10
\BOOKMARK [3][-]{section*.27}{\376\377\000L\000e\000s\000\040\000B\000*\000-\000t\000r\000e\000e\000s\000\040\000e\000t\000\040\000H\000B\000*\000-\000t\000r\000e\000e\000s}{subsection.17}% 11
\BOOKMARK [3][-]{section*.29}{\376\377\000L\000e\000s\000\040\000T\000r\000a\000n\000s\000i\000t\000i\000v\000e\000\040\000C\000l\000o\000s\000u\000r\000e\000\040\000G\000r\000a\000p\000h}{subsection.17}% 12
\BOOKMARK [3][-]{section*.31}{\376\377\000S\000o\000m\000m\000a\000i\000r\000e\000s\000\040\000d\000e\000s\000\040\000c\000o\000n\000t\000r\000a\000i\000n\000t\000e\000s\000\040\000d\000e\000s\000\040\000r\000e\000p\000r\000\351\000s\000e\000n\000t\000a\000t\000i\000o\000n\000s}{subsection.17}% 13
\BOOKMARK [2][-]{subsection.33}{\376\377\000L\000e\000s\000\040\000m\000\351\000t\000h\000o\000d\000e\000s\000\040\000d\000'\000o\000p\000t\000i\000m\000i\000s\000a\000t\000i\000o\000n\000\040\000d\000e\000\040\000p\000l\000a\000c\000e\000m\000e\000n\000t}{section.16}% 14
\BOOKMARK [1][-]{section.39}{\376\377\000I\000m\000p\000l\000\351\000m\000e\000n\000t\000a\000t\000i\000o\000n}{chapter.14}% 15
\BOOKMARK [2][-]{subsection.40}{\376\377\000N\000o\000t\000r\000e\000\040\000a\000p\000p\000r\000o\000c\000h\000e\000\040\000d\000e\000\040\000p\000l\000a\000c\000e\000m\000e\000n\000t}{section.39}% 16
\BOOKMARK [2][-]{subsection.44}{\376\377\000M\000\351\000t\000h\000o\000d\000o\000l\000o\000g\000i\000e\000\040\000d\000e\000\040\000p\000l\000a\000c\000e\000m\000e\000n\000t}{section.39}% 17
\BOOKMARK [3][-]{section*.45}{\376\377\000D\000\351\000f\000i\000n\000i\000t\000i\000o\000n\000\040\000d\000'\000u\000n\000e\000\040\000t\000o\000p\000o\000l\000o\000g\000i\000e\000\040\000d\000e\000\040\000p\000l\000a\000c\000e\000m\000e\000n\000t}{subsection.44}% 18
\BOOKMARK [3][-]{section*.48}{\376\377\000E\000x\000p\000r\000e\000s\000s\000i\000o\000n\000\040\000d\000e\000s\000\040\000c\000o\000n\000t\000r\000a\000i\000n\000t\000e\000s\000\040\000d\000e\000\040\000p\000l\000a\000c\000e\000m\000e\000n\000t}{subsection.44}% 19
\BOOKMARK [3][-]{section*.55}{\376\377\000A\000l\000g\000o\000r\000i\000t\000h\000m\000e\000\040\000d\000e\000\040\000p\000l\000a\000c\000e\000m\000e\000n\000t}{subsection.44}% 20
\BOOKMARK [1][-]{section.56}{\376\377\000E\000x\000e\000m\000p\000l\000e\000s}{chapter.14}% 21
\BOOKMARK [1][-]{section.57}{\376\377\000C\000o\000n\000c\000l\000u\000s\000i\000o\000n}{chapter.14}% 22
\BOOKMARK [0][-]{chapter.58}{\376\377\000P\000r\000o\000b\000l\000e\000m\000\040\000D\000e\000f\000i\000n\000i\000t\000i\000o\000n}{}% 23
\BOOKMARK [0][-]{chapter.59}{\376\377\000S\000t\000a\000t\000e\000\040\000o\000f\000\040\000t\000h\000e\000\040\000A\000r\000t}{}% 24
\BOOKMARK [0][-]{chapter.60}{\376\377\000A\000c\000a\000d\000e\000m\000i\000c\000\040\000T\000o\000o\000l\000s}{}% 25
\BOOKMARK [0][-]{chapter.61}{\376\377\000I\000n\000d\000u\000s\000t\000r\000i\000a\000l\000\040\000T\000o\000o\000l\000s}{}% 26
\BOOKMARK [0][-]{chapter.62}{\376\377\000C\000h\000a\000l\000l\000e\000n\000g\000e\000s}{}% 27
\BOOKMARK [0][-]{chapter.63}{\376\377\000A\000n\000a\000l\000o\000g\000/\000M\000i\000x\000e\000d\000-\000s\000i\000g\000n\000a\000l\000\040\000D\000e\000s\000i\000g\000n\000\040\000A\000p\000p\000r\000o\000a\000c\000h}{}% 28
\BOOKMARK [1][-]{section.65}{\376\377\000D\000e\000s\000i\000g\000n\000\040\000F\000l\000o\000w}{chapter.63}% 29
\BOOKMARK [1][-]{section.66}{\376\377\000P\000l\000a\000c\000e\000m\000e\000n\000t\000\040\000i\000n\000\040\000r\000o\000w}{chapter.63}% 30
\BOOKMARK [0][-]{chapter.67}{\376\377\000M\000e\000t\000h\000o\000d\000o\000l\000o\000g\000y\000\040\000f\000o\000r\000\040\000t\000h\000e\000\040\000p\000l\000a\000c\000e\000m\000e\000n\000t}{}% 31
\BOOKMARK [1][-]{section.69}{\376\377\000S\000l\000i\000c\000i\000n\000g\000\040\000T\000r\000e\000e\000\040\000C\000o\000n\000s\000t\000r\000u\000c\000t\000i\000o\000n}{chapter.67}% 32
\BOOKMARK [1][-]{section.70}{\376\377\000D\000e\000v\000i\000c\000e\000s\000\040\000V\000a\000r\000i\000a\000t\000i\000o\000n\000s}{chapter.67}% 33
\BOOKMARK [1][-]{section.74}{\376\377\000M\000a\000r\000g\000i\000n\000\040\000T\000o\000l\000e\000r\000a\000n\000c\000e\000s}{chapter.67}% 34
\BOOKMARK [1][-]{section.76}{\376\377\000P\000l\000a\000c\000e\000m\000e\000n\000t\000\040\000C\000o\000n\000s\000t\000r\000a\000i\000n\000t\000s}{chapter.67}% 35
\BOOKMARK [1][-]{section.77}{\376\377\000P\000l\000a\000c\000e\000m\000e\000n\000t\000\040\000C\000h\000o\000i\000c\000e}{chapter.67}% 36
\BOOKMARK [0][-]{chapter.78}{\376\377\000P\000l\000a\000c\000e\000m\000e\000n\000t\000\040\000A\000l\000g\000o\000r\000i\000t\000h\000m}{}% 37
\BOOKMARK [1][-]{section.79}{\376\377\000T\000h\000e\000o\000r\000y}{chapter.78}% 38
\BOOKMARK [1][-]{section.96}{\376\377\000R\000e\000s\000u\000l\000t\000s}{chapter.78}% 39
\BOOKMARK [0][-]{chapter.100}{\376\377\000F\000u\000t\000u\000r\000e\000\040\000W\000o\000r\000k\000:\000\040\000R\000o\000u\000t\000i\000n\000g}{}% 40
\BOOKMARK [1][-]{section.101}{\376\377\000G\000l\000o\000b\000a\000l\000\040\000R\000o\000u\000t\000i\000n\000g}{chapter.100}% 41
\BOOKMARK [2][-]{subsection.103}{\376\377\000D\000e\000t\000a\000i\000l\000e\000d\000\040\000R\000o\000u\000t\000i\000n\000g}{section.101}% 42
\BOOKMARK [0][-]{appendix.104}{\376\377\000F\000r\000e\000q\000u\000e\000n\000t\000l\000y\000\040\000A\000s\000k\000e\000d\000\040\000Q\000u\000e\000s\000t\000i\000o\000n\000s}{}% 43
\BOOKMARK [1][-]{section.105}{\376\377\000H\000o\000w\000\040\000d\000o\000\040\000I\000\040\000c\000h\000a\000n\000g\000e\000\040\000t\000h\000e\000\040\000c\000o\000l\000o\000r\000s\000\040\000o\000f\000\040\000l\000i\000n\000k\000s\000?}{appendix.104}% 44
